2022-12-17 14:56:40 [console.INFO] [yii\db\Connection::open] Opening DB connection: mysql:host=db;dbname=db;port=3306 {"memory":2499192} 
2022-12-17 14:56:40 [console.INFO] [nystudio107\vite\Vite::init] Vite plugin loaded {"memory":3934200} 
2022-12-17 14:56:40 [console.INFO] [application] Request context:
$_GET = []

$_POST = []

$_COOKIE = []

$_FILES = []

$_SERVER = [
    'NVM_RC_VERSION' => ''
    'DEPLOY_NAME' => 'local'
    'DDEV_WEBSERVER_TYPE' => 'nginx-fpm'
    'npm_config_cache' => '/mnt/ddev-global-cache/npm'
    'IS_DDEV_PROJECT' => 'true'
    'PHP_DEFAULT_VERSION' => '8.0'
    'HOSTNAME' => 'agency-web'
    'MH_SMTP_BIND_ADDR' => '127.0.0.1:1025'
    'SSH_AUTH_SOCK' => '/home/.ssh-agent/socket'
    'NODE_EXTRA_CA_CERTS' => '/mnt/ddev-global-cache/mkcert/rootCA.pem'
    'DOCKER_IP' => '127.0.0.1'
    'PGPASSWORD' => 'db'
    'DRUSH_ALLOW_XDEBUG' => '1'
    'MYSQL_PWD' => 'db'
    'DDEV_DOCROOT' => 'web'
    'PWD' => '/var/www/html'
    'DDEV_FILES_DIR' => '/var/www/html/web/files'
    'APACHE_SITE_TEMPLATE' => '/etc/apache2/apache-site.conf'
    'GOARCH' => 'arm64'
    'DDEV_VERSION' => 'v1.21.3'
    'TZ' => ''
    'HTTPS_EXPOSE' => '443:80,8026:8025,3000:3000'
    'DDEV_PRIMARY_URL' => 'https://agency.ddev.site'
    'LINES' => '14'
    'DDEV_SITENAME' => 'agency'
    'HOME' => '/home/thomasvandoorne'
    'DRUSH_OPTIONS_URI' => 'https://agency.ddev.site'
    'LANG' => 'C.UTF-8'
    'PHP_IDE_CONFIG' => 'serverName=agency.ddev.site'
    'COLUMNS' => '124'
    'PGUSER' => 'db'
    'TERMINUS_CACHE_DIR' => '/mnt/ddev-global-cache/terminus/cache'
    'DDEV_ROUTER_HTTP_PORT' => '80'
    'COMPOSER_PROCESS_TIMEOUT' => '2000'
    'NGINX_SITE_TEMPLATE' => '/etc/nginx/nginx-site.conf'
    'HTTP_EXPOSE' => '80:80,8025:8025,3001:3000'
    'NVM_DIR' => '/home/thomasvandoorne/.nvm'
    'DDEV_PHP_VERSION' => '8.0'
    'DDEV_TLD' => 'ddev.site'
    'DDEV_HOSTNAME' => 'agency.ddev.site'
    'DDEV_PROJECT' => 'agency'
    'VIRTUAL_HOST' => 'agency.ddev.site'
    'TERM' => 'xterm'
    'USER' => 'thomasvandoorne'
    'MYSQL_HISTFILE' => '/mnt/ddev-global-cache/mysqlhistory/agency-web/mysql_history'
    'CAROOT' => '/mnt/ddev-global-cache/mkcert'
    'SHLVL' => '1'
    'NVM_CD_FLAGS' => ''
    'COMPOSER_ALLOW_SUPERUSER' => '1'
    'BASH_ENV' => '/etc/bash.nointeractive.bashrc'
    'DDEV_DATABASE' => 'mariadb:10.4'
    'PGDATABASE' => 'db'
    'XHPROF_OUTPUT_DIR' => '/tmp/xhprof'
    'COMPOSER_CACHE_DIR' => '/mnt/ddev-global-cache/composer'
    'DDEV_XDEBUG_ENABLED' => 'false'
    'PGHOST' => 'db'
    'DDEV_COMPOSER_ROOT' => '/var/www/html'
    'DOCROOT' => 'web'
    'PATH' => '~/bin:/usr/local/sbin:/usr/local/bin:/usr/sbin:/usr/bin:/sbin:/bin:/var/www/html/vendor/bin:/var/www/html/bin:/var/www/html/vendor/bin'
    'HOST_DOCKER_INTERNAL_IP' => ''
    'DEBIAN_FRONTEND' => 'noninteractive'
    'DDEV_PROJECT_TYPE' => 'craftcms'
    'DDEV_ROUTER_HTTPS_PORT' => '443'
    'GOOS' => 'darwin'
    'OLDPWD' => '/var/www/html'
    '_' => '/usr/bin/php'
    'PHP_SELF' => 'craft'
    'SCRIPT_NAME' => 'craft'
    'SCRIPT_FILENAME' => 'craft'
    'PATH_TRANSLATED' => 'craft'
    'DOCUMENT_ROOT' => ''
    'REQUEST_TIME_FLOAT' => 1671289000.5374
    'REQUEST_TIME' => 1671289000
    'argv' => [
        0 => 'craft'
    ]
    'argc' => 1
    'CRAFT_APP_ID' => 'CraftCMS--a556ad8a-52b9-4db8-b59d-ea10cc42c4bf'
    'CRAFT_ENVIRONMENT' => 'dev'
    'CRAFT_SECURITY_KEY' => '••••••••••••••••••••••••••••••••'
    'CRAFT_DB_DRIVER' => 'mysql'
    'CRAFT_DB_SERVER' => 'db'
    'CRAFT_DB_PORT' => '3306'
    'CRAFT_DB_DATABASE' => 'db'
    'CRAFT_DB_USER' => 'db'
    'CRAFT_DB_PASSWORD' => '••'
    'CRAFT_DB_SCHEMA' => 'public'
    'CRAFT_DB_TABLE_PREFIX' => ''
    'DEV_MODE' => 'true'
    'ALLOW_ADMIN_CHANGES' => 'true'
    'DISALLOW_ROBOTS' => 'true'
    'PRIMARY_SITE_URL' => 'https://agency.ddev.site'
    'IMAGES_URL' => 'https://agency.ddev.site/assets'
    'IMAGES_PATH' => '/var/www/html/web/assets'
    'MAILHOG_SMTP_HOSTNAME' => 'localhost'
    'MAILHOG_SMTP_PORT' => '1025'
]  
2022-12-17 14:57:49 [console.INFO] [yii\db\Connection::open] Opening DB connection: mysql:host=db;dbname=db;port=3306 {"memory":2499232} 
2022-12-17 14:57:49 [console.INFO] [nystudio107\vite\Vite::init] Vite plugin loaded {"memory":3934240} 
2022-12-17 14:57:49 [console.INFO] [application] Request context:
$_GET = []

$_POST = []

$_COOKIE = []

$_FILES = []

$_SERVER = [
    'NVM_RC_VERSION' => ''
    'DEPLOY_NAME' => 'local'
    'DDEV_WEBSERVER_TYPE' => 'nginx-fpm'
    'npm_config_cache' => '/mnt/ddev-global-cache/npm'
    'IS_DDEV_PROJECT' => 'true'
    'PHP_DEFAULT_VERSION' => '8.0'
    'HOSTNAME' => 'agency-web'
    'MH_SMTP_BIND_ADDR' => '127.0.0.1:1025'
    'SSH_AUTH_SOCK' => '/home/.ssh-agent/socket'
    'NODE_EXTRA_CA_CERTS' => '/mnt/ddev-global-cache/mkcert/rootCA.pem'
    'DOCKER_IP' => '127.0.0.1'
    'PGPASSWORD' => 'db'
    'DRUSH_ALLOW_XDEBUG' => '1'
    'MYSQL_PWD' => 'db'
    'DDEV_DOCROOT' => 'web'
    'PWD' => '/var/www/html'
    'DDEV_FILES_DIR' => '/var/www/html/web/files'
    'APACHE_SITE_TEMPLATE' => '/etc/apache2/apache-site.conf'
    'GOARCH' => 'arm64'
    'DDEV_VERSION' => 'v1.21.3'
    'TZ' => ''
    'HTTPS_EXPOSE' => '443:80,8026:8025,3000:3000'
    'DDEV_PRIMARY_URL' => 'https://agency.ddev.site'
    'LINES' => '14'
    'DDEV_SITENAME' => 'agency'
    'HOME' => '/home/thomasvandoorne'
    'DRUSH_OPTIONS_URI' => 'https://agency.ddev.site'
    'LANG' => 'C.UTF-8'
    'PHP_IDE_CONFIG' => 'serverName=agency.ddev.site'
    'COLUMNS' => '124'
    'PGUSER' => 'db'
    'TERMINUS_CACHE_DIR' => '/mnt/ddev-global-cache/terminus/cache'
    'DDEV_ROUTER_HTTP_PORT' => '80'
    'COMPOSER_PROCESS_TIMEOUT' => '2000'
    'NGINX_SITE_TEMPLATE' => '/etc/nginx/nginx-site.conf'
    'HTTP_EXPOSE' => '80:80,8025:8025,3001:3000'
    'NVM_DIR' => '/home/thomasvandoorne/.nvm'
    'DDEV_PHP_VERSION' => '8.0'
    'DDEV_TLD' => 'ddev.site'
    'DDEV_HOSTNAME' => 'agency.ddev.site'
    'DDEV_PROJECT' => 'agency'
    'VIRTUAL_HOST' => 'agency.ddev.site'
    'TERM' => 'xterm'
    'USER' => 'thomasvandoorne'
    'MYSQL_HISTFILE' => '/mnt/ddev-global-cache/mysqlhistory/agency-web/mysql_history'
    'CAROOT' => '/mnt/ddev-global-cache/mkcert'
    'SHLVL' => '1'
    'NVM_CD_FLAGS' => ''
    'COMPOSER_ALLOW_SUPERUSER' => '1'
    'BASH_ENV' => '/etc/bash.nointeractive.bashrc'
    'DDEV_DATABASE' => 'mariadb:10.4'
    'PGDATABASE' => 'db'
    'XHPROF_OUTPUT_DIR' => '/tmp/xhprof'
    'COMPOSER_CACHE_DIR' => '/mnt/ddev-global-cache/composer'
    'DDEV_XDEBUG_ENABLED' => 'false'
    'PGHOST' => 'db'
    'DDEV_COMPOSER_ROOT' => '/var/www/html'
    'DOCROOT' => 'web'
    'PATH' => '~/bin:/usr/local/sbin:/usr/local/bin:/usr/sbin:/usr/bin:/sbin:/bin:/var/www/html/vendor/bin:/var/www/html/bin:/var/www/html/vendor/bin'
    'HOST_DOCKER_INTERNAL_IP' => ''
    'DEBIAN_FRONTEND' => 'noninteractive'
    'DDEV_PROJECT_TYPE' => 'craftcms'
    'DDEV_ROUTER_HTTPS_PORT' => '443'
    'GOOS' => 'darwin'
    'OLDPWD' => '/var/www/html'
    '_' => '/usr/bin/php'
    'PHP_SELF' => 'craft'
    'SCRIPT_NAME' => 'craft'
    'SCRIPT_FILENAME' => 'craft'
    'PATH_TRANSLATED' => 'craft'
    'DOCUMENT_ROOT' => ''
    'REQUEST_TIME_FLOAT' => 1671289068.7347
    'REQUEST_TIME' => 1671289068
    'argv' => [
        0 => 'craft'
        1 => 'db/backup'
    ]
    'argc' => 2
    'CRAFT_APP_ID' => 'CraftCMS--a556ad8a-52b9-4db8-b59d-ea10cc42c4bf'
    'CRAFT_ENVIRONMENT' => 'dev'
    'CRAFT_SECURITY_KEY' => '••••••••••••••••••••••••••••••••'
    'CRAFT_DB_DRIVER' => 'mysql'
    'CRAFT_DB_SERVER' => 'db'
    'CRAFT_DB_PORT' => '3306'
    'CRAFT_DB_DATABASE' => 'db'
    'CRAFT_DB_USER' => 'db'
    'CRAFT_DB_PASSWORD' => '••'
    'CRAFT_DB_SCHEMA' => 'public'
    'CRAFT_DB_TABLE_PREFIX' => ''
    'DEV_MODE' => 'true'
    'ALLOW_ADMIN_CHANGES' => 'true'
    'DISALLOW_ROBOTS' => 'true'
    'PRIMARY_SITE_URL' => 'https://agency.ddev.site'
    'IMAGES_URL' => 'https://agency.ddev.site/assets'
    'IMAGES_PATH' => '/var/www/html/web/assets'
    'MAILHOG_SMTP_HOSTNAME' => 'localhost'
    'MAILHOG_SMTP_PORT' => '1025'
]  
